[     327ms] [ERROR] Failed to load resource: the server responded with a status of 404 (Not Found) @ http://localhost:3000/_nuxt/components/DiscoverButton.vue?vue&type=style&index=0&scoped=f1d7be3e&lang.scss:0
[     327ms] [ERROR] Failed to load resource: the server responded with a status of 404 (Not Found) @ http://localhost:3000/_nuxt/components/ProgressBar.vue?vue&type=style&index=0&scoped=aad32a68&lang.scss:0
[     328ms] [WARNING] [Vue Router warn]: uncaught error during route navigation: @ http://localhost:3000/_nuxt/@fs/home/mathieu/dev/chasse_tresor/App/node_modules/vue-router/dist/devtools-EWN81iOl.mjs?v=363b4f36:34
[     328ms] [ERROR] TypeError: Failed to fetch dynamically imported module: http://localhost:3000/_nuxt/pages/map.vue @ http://localhost:3000/_nuxt/@fs/home/mathieu/dev/chasse_tresor/App/node_modules/vue-router/dist/vue-router.mjs?v=363b4f36:1239
[     328ms] [ERROR] [nuxt] error caught during app initialization H3Error: Failed to fetch dynamically imported module: http://localhost:3000/_nuxt/pages/map.vue @ http://localhost:3000/_nuxt/@fs/home/mathieu/dev/chasse_tresor/App/node_modules/nuxt/dist/app/nuxt.js?v=363b4f36:122
[     328ms] [WARNING] [Vue Router warn]: Unexpected error when starting the router: TypeError: Failed to fetch dynamically imported module: http://localhost:3000/_nuxt/pages/map.vue @ http://localhost:3000/_nuxt/@fs/home/mathieu/dev/chasse_tresor/App/node_modules/vue-router/dist/devtools-EWN81iOl.mjs?v=363b4f36:34
[     333ms] [ERROR] [nuxt] error caught during app initialization H3Error: Failed to fetch dynamically imported module: http://localhost:3000/_nuxt/pages/map.vue @ http://localhost:3000/_nuxt/@fs/home/mathieu/dev/chasse_tresor/App/node_modules/nuxt/dist/app/nuxt.js?v=363b4f36:122
[     354ms] [WARNING] [Vue warn]: Extraneous non-props attributes (style) were passed to component but could not be automatically inherited because component renders fragment or text or teleport root nodes. 
  at <VueElement props= {mouse: Object, hasParent: false, matched: undefined} style="z-index: 999999; position: fixed; left: 0px; top: 0px;" > @ http://localhost:3000/_nuxt/@fs/home/mathieu/dev/chasse_tresor/App/node_modules/@vue/runtime-core/dist/runtime-core.esm-bundler.js?v=363b4f36:49
[   26578ms] [ERROR] Failed to load resource: the server responded with a status of 503 (Service Unavailable) @ http://localhost:3000/map:0
[   26625ms] [ERROR] Failed to load resource: the server responded with a status of 503 (Service Unavailable) @ http://localhost:3000/map:0
[   26640ms] [ERROR] Failed to load resource: the server responded with a status of 503 (Service Unavailable) @ http://localhost:3000/favicon.ico:0
[   26833ms] [ERROR] Failed to load resource: the server responded with a status of 503 (Service Unavailable) @ http://localhost:3000/map:0
[   27131ms] [ERROR] Failed to load resource: the server responded with a status of 503 (Service Unavailable) @ http://localhost:3000/map:0
[   27990ms] [ERROR] Failed to load resource: the server responded with a status of 404 (Not Found) @ http://localhost:3000/_nuxt/components/ProgressBar.vue?vue&type=style&index=0&scoped=aad32a68&lang.scss:0
[   27991ms] [WARNING] [Vue Router warn]: uncaught error during route navigation: @ http://localhost:3000/_nuxt/@fs/home/mathieu/dev/chasse_tresor/App/node_modules/vue-router/dist/devtools-EWN81iOl.mjs?v=d74c3849:34
[   27992ms] [ERROR] TypeError: Failed to fetch dynamically imported module: http://localhost:3000/_nuxt/pages/map.vue @ http://localhost:3000/_nuxt/@fs/home/mathieu/dev/chasse_tresor/App/node_modules/vue-router/dist/vue-router.mjs?v=d74c3849:1239
[   27994ms] [ERROR] [nuxt] error caught during app initialization H3Error: Failed to fetch dynamically imported module: http://localhost:3000/_nuxt/pages/map.vue @ http://localhost:3000/_nuxt/@fs/home/mathieu/dev/chasse_tresor/App/node_modules/nuxt/dist/app/nuxt.js?v=d74c3849:122
[   27995ms] [WARNING] [Vue Router warn]: Unexpected error when starting the router: TypeError: Failed to fetch dynamically imported module: http://localhost:3000/_nuxt/pages/map.vue @ http://localhost:3000/_nuxt/@fs/home/mathieu/dev/chasse_tresor/App/node_modules/vue-router/dist/devtools-EWN81iOl.mjs?v=d74c3849:34
[   28005ms] [ERROR] Failed to load resource: the server responded with a status of 404 (Not Found) @ http://localhost:3000/_nuxt/components/DiscoverButton.vue?vue&type=style&index=0&scoped=f1d7be3e&lang.scss:0
[   28007ms] [ERROR] [nuxt] error caught during app initialization H3Error: Failed to fetch dynamically imported module: http://localhost:3000/_nuxt/pages/map.vue @ http://localhost:3000/_nuxt/@fs/home/mathieu/dev/chasse_tresor/App/node_modules/nuxt/dist/app/nuxt.js?v=d74c3849:122
[   28108ms] [WARNING] [Vue warn]: Extraneous non-props attributes (style) were passed to component but could not be automatically inherited because component renders fragment or text or teleport root nodes. 
  at <VueElement props= {mouse: Object, hasParent: false, matched: undefined} style="z-index: 999999; position: fixed; left: 0px; top: 0px;" > @ http://localhost:3000/_nuxt/@fs/home/mathieu/dev/chasse_tresor/App/node_modules/@vue/runtime-core/dist/runtime-core.esm-bundler.js?v=d74c3849:49
