[    1024ms] [ERROR] Failed to load resource: the server responded with a status of 404 (Not Found) @ http://localhost:3001/_nuxt/components/ProgressBar.vue?vue&type=style&index=0&scoped=aad32a68&lang.scss:0
[    1025ms] [WARNING] [Vue Router warn]: uncaught error during route navigation: @ http://localhost:3001/_nuxt/@fs/home/mathieu/dev/chasse_tresor/App/node_modules/vue-router/dist/devtools-EWN81iOl.mjs?v=d74c3849:34
[    1025ms] [ERROR] TypeError: Failed to fetch dynamically imported module: http://localhost:3001/_nuxt/pages/map.vue @ http://localhost:3001/_nuxt/@fs/home/mathieu/dev/chasse_tresor/App/node_modules/vue-router/dist/vue-router.mjs?v=d74c3849:1239
[    1027ms] [ERROR] [nuxt] error caught during app initialization H3Error: Failed to fetch dynamically imported module: http://localhost:3001/_nuxt/pages/map.vue @ http://localhost:3001/_nuxt/@fs/home/mathieu/dev/chasse_tresor/App/node_modules/nuxt/dist/app/nuxt.js?v=d74c3849:122
[    1028ms] [WARNING] [Vue Router warn]: Unexpected error when starting the router: TypeError: Failed to fetch dynamically imported module: http://localhost:3001/_nuxt/pages/map.vue @ http://localhost:3001/_nuxt/@fs/home/mathieu/dev/chasse_tresor/App/node_modules/vue-router/dist/devtools-EWN81iOl.mjs?v=d74c3849:34
[    1034ms] [ERROR] [nuxt] error caught during app initialization H3Error: Failed to fetch dynamically imported module: http://localhost:3001/_nuxt/pages/map.vue @ http://localhost:3001/_nuxt/@fs/home/mathieu/dev/chasse_tresor/App/node_modules/nuxt/dist/app/nuxt.js?v=d74c3849:122
[    1047ms] [ERROR] Failed to load resource: the server responded with a status of 404 (Not Found) @ http://localhost:3001/_nuxt/components/DiscoverButton.vue?vue&type=style&index=0&scoped=f1d7be3e&lang.scss:0
[    1172ms] [WARNING] [Vue warn]: Extraneous non-props attributes (style) were passed to component but could not be automatically inherited because component renders fragment or text or teleport root nodes. 
  at <VueElement props= {mouse: Object, hasParent: false, matched: undefined} style="z-index: 999999; position: fixed; left: 0px; top: 0px;" > @ http://localhost:3001/_nuxt/@fs/home/mathieu/dev/chasse_tresor/App/node_modules/@vue/runtime-core/dist/runtime-core.esm-bundler.js?v=d74c3849:49
[   16935ms] [ERROR] Failed to load resource: the server responded with a status of 404 (Not Found) @ http://localhost:3001/_nuxt/components/ProgressBar.vue?vue&type=style&index=0&scoped=aad32a68&lang.scss:0
[   16936ms] [WARNING] [Vue Router warn]: uncaught error during route navigation: @ http://localhost:3001/_nuxt/@fs/home/mathieu/dev/chasse_tresor/App/node_modules/vue-router/dist/devtools-EWN81iOl.mjs?v=d74c3849:34
[   16936ms] [ERROR] TypeError: Failed to fetch dynamically imported module: http://localhost:3001/_nuxt/pages/map.vue @ http://localhost:3001/_nuxt/@fs/home/mathieu/dev/chasse_tresor/App/node_modules/vue-router/dist/vue-router.mjs?v=d74c3849:1239
[   16936ms] [ERROR] [nuxt] error caught during app initialization H3Error: Failed to fetch dynamically imported module: http://localhost:3001/_nuxt/pages/map.vue @ http://localhost:3001/_nuxt/@fs/home/mathieu/dev/chasse_tresor/App/node_modules/nuxt/dist/app/nuxt.js?v=d74c3849:122
[   16937ms] [WARNING] [Vue Router warn]: Unexpected error when starting the router: TypeError: Failed to fetch dynamically imported module: http://localhost:3001/_nuxt/pages/map.vue @ http://localhost:3001/_nuxt/@fs/home/mathieu/dev/chasse_tresor/App/node_modules/vue-router/dist/devtools-EWN81iOl.mjs?v=d74c3849:34
[   16944ms] [ERROR] [nuxt] error caught during app initialization H3Error: Failed to fetch dynamically imported module: http://localhost:3001/_nuxt/pages/map.vue @ http://localhost:3001/_nuxt/@fs/home/mathieu/dev/chasse_tresor/App/node_modules/nuxt/dist/app/nuxt.js?v=d74c3849:122
[   16966ms] [WARNING] [Vue warn]: Extraneous non-props attributes (style) were passed to component but could not be automatically inherited because component renders fragment or text or teleport root nodes. 
  at <VueElement props= {mouse: Object, hasParent: false, matched: undefined} style="z-index: 999999; position: fixed; left: 0px; top: 0px;" > @ http://localhost:3001/_nuxt/@fs/home/mathieu/dev/chasse_tresor/App/node_modules/@vue/runtime-core/dist/runtime-core.esm-bundler.js?v=d74c3849:49
[   16975ms] [ERROR] Failed to load resource: the server responded with a status of 404 (Not Found) @ http://localhost:3001/_nuxt/components/DiscoverButton.vue?vue&type=style&index=0&scoped=f1d7be3e&lang.scss:0
[   53929ms] [ERROR] Failed to load resource: the server responded with a status of 404 (Not Found) @ http://localhost:3001/_nuxt/components/DiscoverButton.vue?vue&type=style&index=0&scoped=f1d7be3e&lang.scss:0
[   53929ms] [ERROR] Failed to load resource: the server responded with a status of 404 (Not Found) @ http://localhost:3001/_nuxt/components/ProgressBar.vue?vue&type=style&index=0&scoped=aad32a68&lang.scss:0
[   53931ms] [WARNING] [Vue Router warn]: uncaught error during route navigation: @ http://localhost:3001/_nuxt/@fs/home/mathieu/dev/chasse_tresor/App/node_modules/vue-router/dist/devtools-EWN81iOl.mjs?v=d74c3849:34
[   53931ms] [ERROR] TypeError: Failed to fetch dynamically imported module: http://localhost:3001/_nuxt/pages/map.vue @ http://localhost:3001/_nuxt/@fs/home/mathieu/dev/chasse_tresor/App/node_modules/vue-router/dist/vue-router.mjs?v=d74c3849:1239
[   53931ms] [ERROR] [nuxt] error caught during app initialization H3Error: Failed to fetch dynamically imported module: http://localhost:3001/_nuxt/pages/map.vue @ http://localhost:3001/_nuxt/@fs/home/mathieu/dev/chasse_tresor/App/node_modules/nuxt/dist/app/nuxt.js?v=d74c3849:122
[   53931ms] [WARNING] [Vue Router warn]: Unexpected error when starting the router: TypeError: Failed to fetch dynamically imported module: http://localhost:3001/_nuxt/pages/map.vue @ http://localhost:3001/_nuxt/@fs/home/mathieu/dev/chasse_tresor/App/node_modules/vue-router/dist/devtools-EWN81iOl.mjs?v=d74c3849:34
[   53938ms] [ERROR] [nuxt] error caught during app initialization H3Error: Failed to fetch dynamically imported module: http://localhost:3001/_nuxt/pages/map.vue @ http://localhost:3001/_nuxt/@fs/home/mathieu/dev/chasse_tresor/App/node_modules/nuxt/dist/app/nuxt.js?v=d74c3849:122
[   53960ms] [WARNING] [Vue warn]: Extraneous non-props attributes (style) were passed to component but could not be automatically inherited because component renders fragment or text or teleport root nodes. 
  at <VueElement props= {mouse: Object, hasParent: false, matched: undefined} style="z-index: 999999; position: fixed; left: 0px; top: 0px;" > @ http://localhost:3001/_nuxt/@fs/home/mathieu/dev/chasse_tresor/App/node_modules/@vue/runtime-core/dist/runtime-core.esm-bundler.js?v=d74c3849:49
