[    1049ms] [ERROR] Failed to load resource: the server responded with a status of 404 (Not Found) @ http://localhost:3003/_nuxt/components/ProgressBar.vue?vue&type=style&index=0&scoped=aad32a68&lang.scss:0
[    1050ms] [WARNING] [Vue Router warn]: uncaught error during route navigation: @ http://localhost:3003/_nuxt/@fs/home/mathieu/dev/chasse_tresor/App/node_modules/vue-router/dist/devtools-EWN81iOl.mjs?v=d74c3849:34
[    1050ms] [ERROR] TypeError: Failed to fetch dynamically imported module: http://localhost:3003/_nuxt/pages/map.vue @ http://localhost:3003/_nuxt/@fs/home/mathieu/dev/chasse_tresor/App/node_modules/vue-router/dist/vue-router.mjs?v=d74c3849:1239
[    1051ms] [ERROR] [nuxt] error caught during app initialization H3Error: Failed to fetch dynamically imported module: http://localhost:3003/_nuxt/pages/map.vue @ http://localhost:3003/_nuxt/@fs/home/mathieu/dev/chasse_tresor/App/node_modules/nuxt/dist/app/nuxt.js?v=d74c3849:122
[    1052ms] [WARNING] [Vue Router warn]: Unexpected error when starting the router: TypeError: Failed to fetch dynamically imported module: http://localhost:3003/_nuxt/pages/map.vue @ http://localhost:3003/_nuxt/@fs/home/mathieu/dev/chasse_tresor/App/node_modules/vue-router/dist/devtools-EWN81iOl.mjs?v=d74c3849:34
[    1057ms] [ERROR] [nuxt] error caught during app initialization H3Error: Failed to fetch dynamically imported module: http://localhost:3003/_nuxt/pages/map.vue @ http://localhost:3003/_nuxt/@fs/home/mathieu/dev/chasse_tresor/App/node_modules/nuxt/dist/app/nuxt.js?v=d74c3849:122
[    1071ms] [ERROR] Failed to load resource: the server responded with a status of 404 (Not Found) @ http://localhost:3003/_nuxt/components/DiscoverButton.vue?vue&type=style&index=0&scoped=f1d7be3e&lang.scss:0
[    1205ms] [WARNING] [Vue warn]: Extraneous non-props attributes (style) were passed to component but could not be automatically inherited because component renders fragment or text or teleport root nodes. 
  at <VueElement props= {mouse: Object, hasParent: false, matched: undefined} style="z-index: 999999; position: fixed; left: 0px; top: 0px;" > @ http://localhost:3003/_nuxt/@fs/home/mathieu/dev/chasse_tresor/App/node_modules/@vue/runtime-core/dist/runtime-core.esm-bundler.js?v=d74c3849:49
[   48006ms] [ERROR] Failed to load resource: the server responded with a status of 404 (Not Found) @ http://localhost:3003/_nuxt/components/DiscoverButton.vue?vue&type=style&index=0&scoped=f1d7be3e&lang.scss:0
[   48010ms] [WARNING] [Vue Router warn]: uncaught error during route navigation: @ http://localhost:3003/_nuxt/@fs/home/mathieu/dev/chasse_tresor/App/node_modules/vue-router/dist/devtools-EWN81iOl.mjs?v=d74c3849:34
[   48010ms] [ERROR] TypeError: Failed to fetch dynamically imported module: http://localhost:3003/_nuxt/pages/map.vue?t=1771634686549 @ http://localhost:3003/_nuxt/@fs/home/mathieu/dev/chasse_tresor/App/node_modules/vue-router/dist/vue-router.mjs?v=d74c3849:1239
[   48011ms] [ERROR] [nuxt] error caught during app initialization H3Error: Failed to fetch dynamically imported module: http://localhost:3003/_nuxt/pages/map.vue?t=1771634686549 @ http://localhost:3003/_nuxt/@fs/home/mathieu/dev/chasse_tresor/App/node_modules/nuxt/dist/app/nuxt.js?v=d74c3849:122
[   48011ms] [WARNING] [Vue Router warn]: Unexpected error when starting the router: TypeError: Failed to fetch dynamically imported module: http://localhost:3003/_nuxt/pages/map.vue?t=1771634686549 @ http://localhost:3003/_nuxt/@fs/home/mathieu/dev/chasse_tresor/App/node_modules/vue-router/dist/devtools-EWN81iOl.mjs?v=d74c3849:34
[   48017ms] [ERROR] [nuxt] error caught during app initialization H3Error: Failed to fetch dynamically imported module: http://localhost:3003/_nuxt/pages/map.vue?t=1771634686549 @ http://localhost:3003/_nuxt/@fs/home/mathieu/dev/chasse_tresor/App/node_modules/nuxt/dist/app/nuxt.js?v=d74c3849:122
[   48034ms] [WARNING] [Vue warn]: Extraneous non-props attributes (style) were passed to component but could not be automatically inherited because component renders fragment or text or teleport root nodes. 
  at <VueElement props= {mouse: Object, hasParent: false, matched: undefined} style="z-index: 999999; position: fixed; left: 0px; top: 0px;" > @ http://localhost:3003/_nuxt/@fs/home/mathieu/dev/chasse_tresor/App/node_modules/@vue/runtime-core/dist/runtime-core.esm-bundler.js?v=d74c3849:49
[   67463ms] [WARNING] [Vue warn]: Extraneous non-props attributes (style) were passed to component but could not be automatically inherited because component renders fragment or text or teleport root nodes. 
  at <VueElement props= {mouse: Object, hasParent: false, matched: undefined} style="z-index: 999999; position: fixed; left: 0px; top: 0px;" > @ http://localhost:3003/_nuxt/@fs/home/mathieu/dev/chasse_tresor/App/node_modules/@vue/runtime-core/dist/runtime-core.esm-bundler.js?v=d74c3849:49
[  136152ms] [ERROR] WebSocket connection to 'ws://localhost:3003/_nuxt/?token=F7IIcA3LLnmK' failed:  @ http://localhost:3003/_nuxt/@vite/client:744
